<?xml version="1.0" encoding="UTF-8"?>
<testng-results skipped="0" failed="0" ignored="0" total="1" passed="1">
  <reporter-output>
  </reporter-output>
  <suite name="Default suite" duration-ms="47" started-at="2019-10-01T13:38:41 NOVT" finished-at="2019-10-01T13:38:41 NOVT">
    <groups>
    </groups>
    <test name="Default test" duration-ms="47" started-at="2019-10-01T13:38:41 NOVT" finished-at="2019-10-01T13:38:41 NOVT">
      <class name="ru.vallball.kino01.test.TestClass">
        <test-method status="PASS" signature="testContainsGenre()[pri:0, instance:ru.vallball.kino01.test.TestClass@4bbfb90a]" name="testContainsGenre" duration-ms="12" started-at="2019-10-01T13:38:41 NOVT" finished-at="2019-10-01T13:38:41 NOVT">
          <reporter-output>
          </reporter-output>
        </test-method> <!-- testContainsGenre -->
      </class> <!-- ru.vallball.kino01.test.TestClass -->
    </test> <!-- Default test -->
  </suite> <!-- Default suite -->
</testng-results>
